build/app/intermediates/manifest_merge_blame_file/debug/manifest-merger-blame-debug-report.txt
1<?xml version="1.0" encoding="utf-8"?>
2<manifest xmlns:android="http://schemas.android.com/apk/res/android"
3    package="com.example.sp2_e_commerce"
4    android:versionCode="1"
5    android:versionName="1.0.0" >
6
7    <uses-sdk
8        android:minSdkVersion="20"
9        android:targetSdkVersion="33" />
10    <!--
11         The INTERNET permission is required for development. Specifically,
12         the Flutter tool needs it to communicate with the running application
13         to allow setting breakpoints, to provide hot reload, etc.
14    -->
15    <uses-permission android:name="android.permission.INTERNET" />
15-->src\debug\AndroidManifest.xml:7:5-66
15-->src\debug\AndroidManifest.xml:7:22-64
16    <uses-permission android:name="android.permission.FOREGROUND_SERVICE" />
16-->src\main\AndroidManifest.xml:4:5-77
16-->src\main\AndroidManifest.xml:4:22-74
17    <uses-permission android:name="android.permission.ACCESS_BACKGROUND_LOCATION" /> <!-- Provide required visibility configuration for API level 30 and above -->
17-->src\main\AndroidManifest.xml:5:5-84
17-->src\main\AndroidManifest.xml:5:22-82
18    <queries>
18-->src\main\AndroidManifest.xml:10:1-30:11
19
20        <!-- If your app checks for SMS support -->
21        <intent>
21-->src\main\AndroidManifest.xml:12:3-15:12
22            <action android:name="android.intent.action.VIEW" />
22-->src\main\AndroidManifest.xml:13:5-57
22-->src\main\AndroidManifest.xml:13:13-54
23
24            <data android:scheme="sms" />
24-->src\main\AndroidManifest.xml:14:5-34
24-->src\main\AndroidManifest.xml:14:11-31
25        </intent>
26        <!-- If your app checks for call support -->
27        <intent>
27-->src\main\AndroidManifest.xml:17:3-20:12
28            <action android:name="android.intent.action.VIEW" />
28-->src\main\AndroidManifest.xml:13:5-57
28-->src\main\AndroidManifest.xml:13:13-54
29
30            <data android:scheme="tel" />
30-->src\main\AndroidManifest.xml:14:5-34
30-->src\main\AndroidManifest.xml:14:11-31
31        </intent>
32        <!-- If your app checks for HTTPS support -->
33        <intent>
33-->src\main\AndroidManifest.xml:22:3-25:12
34            <action android:name="android.intent.action.VIEW" />
34-->src\main\AndroidManifest.xml:13:5-57
34-->src\main\AndroidManifest.xml:13:13-54
35
36            <data android:scheme="https" />
36-->src\main\AndroidManifest.xml:14:5-34
36-->src\main\AndroidManifest.xml:14:11-31
37        </intent>
38        <!-- If your application checks for inAppBrowserView launch mode support -->
39        <intent>
39-->src\main\AndroidManifest.xml:27:3-29:12
40            <action android:name="android.support.customtabs.action.CustomTabsService" />
40-->src\main\AndroidManifest.xml:28:5-82
40-->src\main\AndroidManifest.xml:28:13-79
41        </intent>
42        <!-- Needs to be explicitly declared on Android R+ -->
43        <package android:name="com.google.android.apps.maps" />
43-->[com.google.android.gms:play-services-maps:18.1.0] AndroidManifest.xml:33:9-64
43-->[com.google.android.gms:play-services-maps:18.1.0] AndroidManifest.xml:33:18-61
44    </queries>
45
46    <uses-permission android:name="android.permission.WAKE_LOCK" />
46-->[:firebase_messaging] AndroidManifest.xml:10:5-68
46-->[:firebase_messaging] AndroidManifest.xml:10:22-65
47    <uses-permission android:name="android.permission.ACCESS_NETWORK_STATE" /> <!-- Permissions options for the `notification` group -->
47-->[:firebase_messaging] AndroidManifest.xml:11:5-79
47-->[:firebase_messaging] AndroidManifest.xml:11:22-76
48    <uses-permission android:name="android.permission.POST_NOTIFICATIONS" />
48-->[:firebase_messaging] AndroidManifest.xml:13:5-77
48-->[:firebase_messaging] AndroidManifest.xml:13:22-74
49    <uses-permission android:name="android.permission.ACCESS_COARSE_LOCATION" />
49-->[:location] AndroidManifest.xml:9:5-81
49-->[:location] AndroidManifest.xml:9:22-78
50    <uses-permission android:name="android.permission.ACCESS_FINE_LOCATION" /> <!-- Required by older versions of Google Play services to create IID tokens -->
50-->[:location] AndroidManifest.xml:10:5-79
50-->[:location] AndroidManifest.xml:10:22-76
51    <uses-permission android:name="com.google.android.c2dm.permission.RECEIVE" />
51-->[com.google.firebase:firebase-messaging:23.3.1] AndroidManifest.xml:26:5-82
51-->[com.google.firebase:firebase-messaging:23.3.1] AndroidManifest.xml:26:22-79
52
53    <uses-feature
53-->[com.google.android.gms:play-services-maps:18.1.0] AndroidManifest.xml:26:5-28:35
54        android:glEsVersion="0x00020000"
54-->[com.google.android.gms:play-services-maps:18.1.0] AndroidManifest.xml:27:9-41
55        android:required="true" />
55-->[com.google.android.gms:play-services-maps:18.1.0] AndroidManifest.xml:28:9-32
56
57    <permission
57-->[androidx.core:core:1.10.1] AndroidManifest.xml:22:5-24:47
58        android:name="com.example.sp2_e_commerce.DYNAMIC_RECEIVER_NOT_EXPORTED_PERMISSION"
58-->[androidx.core:core:1.10.1] AndroidManifest.xml:23:9-81
59        android:protectionLevel="signature" />
59-->[androidx.core:core:1.10.1] AndroidManifest.xml:24:9-44
60
61    <uses-permission android:name="com.example.sp2_e_commerce.DYNAMIC_RECEIVER_NOT_EXPORTED_PERMISSION" />
61-->[androidx.core:core:1.10.1] AndroidManifest.xml:26:5-97
61-->[androidx.core:core:1.10.1] AndroidManifest.xml:26:22-94
62
63    <application
64        android:name="android.app.Application"
65        android:appComponentFactory="androidx.core.app.CoreComponentFactory"
65-->[androidx.core:core:1.10.1] AndroidManifest.xml:28:18-86
66        android:debuggable="true"
67        android:icon="@mipmap/ic_launcher"
68        android:label="Alkarama Club"
69        android:requestLegacyExternalStorage="true" >
70        <activity
71            android:name="com.example.sp2_e_commerce.MainActivity"
72            android:configChanges="orientation|keyboardHidden|keyboard|screenSize|smallestScreenSize|locale|layoutDirection|fontScale|screenLayout|density|uiMode"
73            android:exported="true"
74            android:hardwareAccelerated="true"
75            android:launchMode="singleTop"
76            android:theme="@style/LaunchTheme"
77            android:windowSoftInputMode="adjustResize" >
78
79            <!--
80                 Specifies an Android theme to apply to this Activity as soon as
81                 the Android process has started. This theme is visible to the user
82                 while the Flutter UI initializes. After that, this theme continues
83                 to determine the Window background behind the Flutter UI.
84            -->
85            <meta-data
86                android:name="io.flutter.embedding.android.NormalTheme"
87                android:resource="@style/NormalTheme" />
88
89            <intent-filter>
90                <action android:name="android.intent.action.MAIN" />
91
92                <category android:name="android.intent.category.LAUNCHER" />
93            </intent-filter>
94        </activity>
95        <!--
96             Don't delete the meta-data below.
97             This is used by the Flutter tool to generate GeneratedPluginRegistrant.java
98        -->
99        <meta-data
100            android:name="flutterEmbedding"
101            android:value="2" />
102
103        <service
103-->[:firebase_messaging] AndroidManifest.xml:16:9-19:72
104            android:name="io.flutter.plugins.firebase.messaging.FlutterFirebaseMessagingBackgroundService"
104-->[:firebase_messaging] AndroidManifest.xml:17:13-107
105            android:exported="false"
105-->[:firebase_messaging] AndroidManifest.xml:18:13-37
106            android:permission="android.permission.BIND_JOB_SERVICE" />
106-->[:firebase_messaging] AndroidManifest.xml:19:13-69
107        <service
107-->[:firebase_messaging] AndroidManifest.xml:20:9-26:19
108            android:name="io.flutter.plugins.firebase.messaging.FlutterFirebaseMessagingService"
108-->[:firebase_messaging] AndroidManifest.xml:21:13-97
109            android:exported="false" >
109-->[:firebase_messaging] AndroidManifest.xml:22:13-37
110            <intent-filter>
110-->[:firebase_messaging] AndroidManifest.xml:23:13-25:29
111                <action android:name="com.google.firebase.MESSAGING_EVENT" />
111-->[:firebase_messaging] AndroidManifest.xml:24:17-78
111-->[:firebase_messaging] AndroidManifest.xml:24:25-75
112            </intent-filter>
113        </service>
114
115        <receiver
115-->[:firebase_messaging] AndroidManifest.xml:28:9-35:20
116            android:name="io.flutter.plugins.firebase.messaging.FlutterFirebaseMessagingReceiver"
116-->[:firebase_messaging] AndroidManifest.xml:29:13-98
117            android:exported="true"
117-->[:firebase_messaging] AndroidManifest.xml:30:13-36
118            android:permission="com.google.android.c2dm.permission.SEND" >
118-->[:firebase_messaging] AndroidManifest.xml:31:13-73
119            <intent-filter>
119-->[:firebase_messaging] AndroidManifest.xml:32:13-34:29
120                <action android:name="com.google.android.c2dm.intent.RECEIVE" />
120-->[:firebase_messaging] AndroidManifest.xml:33:17-81
120-->[:firebase_messaging] AndroidManifest.xml:33:25-78
121            </intent-filter>
122        </receiver>
123
124        <service
124-->[:firebase_messaging] AndroidManifest.xml:37:9-41:19
125            android:name="com.google.firebase.components.ComponentDiscoveryService"
125-->[:firebase_messaging] AndroidManifest.xml:37:18-89
126            android:directBootAware="true"
126-->[com.google.firebase:firebase-common:20.4.2] AndroidManifest.xml:32:13-43
127            android:exported="false" >
127-->[com.google.firebase:firebase-messaging:23.3.1] AndroidManifest.xml:56:13-37
128            <meta-data
128-->[:firebase_messaging] AndroidManifest.xml:38:13-40:85
129                android:name="com.google.firebase.components:io.flutter.plugins.firebase.messaging.FlutterFirebaseAppRegistrar"
129-->[:firebase_messaging] AndroidManifest.xml:39:17-128
130                android:value="com.google.firebase.components.ComponentRegistrar" />
130-->[:firebase_messaging] AndroidManifest.xml:40:17-82
131            <meta-data
131-->[:firebase_core] AndroidManifest.xml:11:13-13:85
132                android:name="com.google.firebase.components:io.flutter.plugins.firebase.core.FlutterFirebaseCoreRegistrar"
132-->[:firebase_core] AndroidManifest.xml:12:17-124
133                android:value="com.google.firebase.components.ComponentRegistrar" />
133-->[:firebase_core] AndroidManifest.xml:13:17-82
134            <meta-data
134-->[com.google.firebase:firebase-messaging:23.3.1] AndroidManifest.xml:57:13-59:85
135                android:name="com.google.firebase.components:com.google.firebase.messaging.FirebaseMessagingKtxRegistrar"
135-->[com.google.firebase:firebase-messaging:23.3.1] AndroidManifest.xml:58:17-122
136                android:value="com.google.firebase.components.ComponentRegistrar" />
136-->[com.google.firebase:firebase-messaging:23.3.1] AndroidManifest.xml:59:17-82
137            <meta-data
137-->[com.google.firebase:firebase-messaging:23.3.1] AndroidManifest.xml:60:13-62:85
138                android:name="com.google.firebase.components:com.google.firebase.messaging.FirebaseMessagingRegistrar"
138-->[com.google.firebase:firebase-messaging:23.3.1] AndroidManifest.xml:61:17-119
139                android:value="com.google.firebase.components.ComponentRegistrar" />
139-->[com.google.firebase:firebase-messaging:23.3.1] AndroidManifest.xml:62:17-82
140            <meta-data
140-->[com.google.firebase:firebase-iid:21.1.0] AndroidManifest.xml:32:13-34:85
141                android:name="com.google.firebase.components:com.google.firebase.iid.Registrar"
141-->[com.google.firebase:firebase-iid:21.1.0] AndroidManifest.xml:33:17-96
142                android:value="com.google.firebase.components.ComponentRegistrar" />
142-->[com.google.firebase:firebase-iid:21.1.0] AndroidManifest.xml:34:17-82
143            <meta-data
143-->[com.google.firebase:firebase-installations:17.2.0] AndroidManifest.xml:15:13-17:85
144                android:name="com.google.firebase.components:com.google.firebase.installations.FirebaseInstallationsKtxRegistrar"
144-->[com.google.firebase:firebase-installations:17.2.0] AndroidManifest.xml:16:17-130
145                android:value="com.google.firebase.components.ComponentRegistrar" />
145-->[com.google.firebase:firebase-installations:17.2.0] AndroidManifest.xml:17:17-82
146            <meta-data
146-->[com.google.firebase:firebase-installations:17.2.0] AndroidManifest.xml:18:13-20:85
147                android:name="com.google.firebase.components:com.google.firebase.installations.FirebaseInstallationsRegistrar"
147-->[com.google.firebase:firebase-installations:17.2.0] AndroidManifest.xml:19:17-127
148                android:value="com.google.firebase.components.ComponentRegistrar" />
148-->[com.google.firebase:firebase-installations:17.2.0] AndroidManifest.xml:20:17-82
149            <meta-data
149-->[com.google.firebase:firebase-common-ktx:20.4.2] AndroidManifest.xml:12:13-14:85
150                android:name="com.google.firebase.components:com.google.firebase.ktx.FirebaseCommonLegacyRegistrar"
150-->[com.google.firebase:firebase-common-ktx:20.4.2] AndroidManifest.xml:13:17-116
151                android:value="com.google.firebase.components.ComponentRegistrar" />
151-->[com.google.firebase:firebase-common-ktx:20.4.2] AndroidManifest.xml:14:17-82
152            <meta-data
152-->[com.google.firebase:firebase-common:20.4.2] AndroidManifest.xml:35:13-37:85
153                android:name="com.google.firebase.components:com.google.firebase.FirebaseCommonKtxRegistrar"
153-->[com.google.firebase:firebase-common:20.4.2] AndroidManifest.xml:36:17-109
154                android:value="com.google.firebase.components.ComponentRegistrar" />
154-->[com.google.firebase:firebase-common:20.4.2] AndroidManifest.xml:37:17-82
155            <meta-data
155-->[com.google.firebase:firebase-datatransport:18.1.7] AndroidManifest.xml:27:13-29:85
156                android:name="com.google.firebase.components:com.google.firebase.datatransport.TransportRegistrar"
156-->[com.google.firebase:firebase-datatransport:18.1.7] AndroidManifest.xml:28:17-115
157                android:value="com.google.firebase.components.ComponentRegistrar" />
157-->[com.google.firebase:firebase-datatransport:18.1.7] AndroidManifest.xml:29:17-82
158        </service>
159
160        <provider
160-->[:firebase_messaging] AndroidManifest.xml:43:9-47:38
161            android:name="io.flutter.plugins.firebase.messaging.FlutterFirebaseMessagingInitProvider"
161-->[:firebase_messaging] AndroidManifest.xml:44:13-102
162            android:authorities="com.example.sp2_e_commerce.flutterfirebasemessaginginitprovider"
162-->[:firebase_messaging] AndroidManifest.xml:45:13-88
163            android:exported="false"
163-->[:firebase_messaging] AndroidManifest.xml:46:13-37
164            android:initOrder="99" />
164-->[:firebase_messaging] AndroidManifest.xml:47:13-35
165        <provider
165-->[:image_picker_android] AndroidManifest.xml:10:9-18:20
166            android:name="io.flutter.plugins.imagepicker.ImagePickerFileProvider"
166-->[:image_picker_android] AndroidManifest.xml:11:13-82
167            android:authorities="com.example.sp2_e_commerce.flutter.image_provider"
167-->[:image_picker_android] AndroidManifest.xml:12:13-74
168            android:exported="false"
168-->[:image_picker_android] AndroidManifest.xml:13:13-37
169            android:grantUriPermissions="true" >
169-->[:image_picker_android] AndroidManifest.xml:14:13-47
170            <meta-data
170-->[:image_picker_android] AndroidManifest.xml:15:13-17:75
171                android:name="android.support.FILE_PROVIDER_PATHS"
171-->[:image_picker_android] AndroidManifest.xml:16:17-67
172                android:resource="@xml/flutter_image_picker_file_paths" />
172-->[:image_picker_android] AndroidManifest.xml:17:17-72
173        </provider>
174
175        <activity
175-->[:url_launcher_android] AndroidManifest.xml:10:9-13:74
176            android:name="io.flutter.plugins.urllauncher.WebViewActivity"
176-->[:url_launcher_android] AndroidManifest.xml:11:13-74
177            android:exported="false"
177-->[:url_launcher_android] AndroidManifest.xml:12:13-37
178            android:theme="@android:style/Theme.NoTitleBar.Fullscreen" />
178-->[:url_launcher_android] AndroidManifest.xml:13:13-71
179
180        <service
180-->[:location] AndroidManifest.xml:13:9-17:56
181            android:name="com.lyokone.location.FlutterLocationService"
181-->[:location] AndroidManifest.xml:14:13-71
182            android:enabled="true"
182-->[:location] AndroidManifest.xml:15:13-35
183            android:exported="false"
183-->[:location] AndroidManifest.xml:16:13-37
184            android:foregroundServiceType="location" />
184-->[:location] AndroidManifest.xml:17:13-53
185
186        <receiver
186-->[com.google.firebase:firebase-messaging:23.3.1] AndroidManifest.xml:29:9-40:20
187            android:name="com.google.firebase.iid.FirebaseInstanceIdReceiver"
187-->[com.google.firebase:firebase-messaging:23.3.1] AndroidManifest.xml:30:13-78
188            android:exported="true"
188-->[com.google.firebase:firebase-messaging:23.3.1] AndroidManifest.xml:31:13-36
189            android:permission="com.google.android.c2dm.permission.SEND" >
189-->[com.google.firebase:firebase-messaging:23.3.1] AndroidManifest.xml:32:13-73
190            <intent-filter>
190-->[:firebase_messaging] AndroidManifest.xml:32:13-34:29
191                <action android:name="com.google.android.c2dm.intent.RECEIVE" />
191-->[:firebase_messaging] AndroidManifest.xml:33:17-81
191-->[:firebase_messaging] AndroidManifest.xml:33:25-78
192            </intent-filter>
193
194            <meta-data
194-->[com.google.firebase:firebase-messaging:23.3.1] AndroidManifest.xml:37:13-39:40
195                android:name="com.google.android.gms.cloudmessaging.FINISHED_AFTER_HANDLED"
195-->[com.google.firebase:firebase-messaging:23.3.1] AndroidManifest.xml:38:17-92
196                android:value="true" />
196-->[com.google.firebase:firebase-messaging:23.3.1] AndroidManifest.xml:39:17-37
197        </receiver>
198        <!--
199             FirebaseMessagingService performs security checks at runtime,
200             but set to not exported to explicitly avoid allowing another app to call it.
201        -->
202        <service
202-->[com.google.firebase:firebase-messaging:23.3.1] AndroidManifest.xml:46:9-53:19
203            android:name="com.google.firebase.messaging.FirebaseMessagingService"
203-->[com.google.firebase:firebase-messaging:23.3.1] AndroidManifest.xml:47:13-82
204            android:directBootAware="true"
204-->[com.google.firebase:firebase-messaging:23.3.1] AndroidManifest.xml:48:13-43
205            android:exported="false" >
205-->[com.google.firebase:firebase-messaging:23.3.1] AndroidManifest.xml:49:13-37
206            <intent-filter android:priority="-500" >
206-->[:firebase_messaging] AndroidManifest.xml:23:13-25:29
207                <action android:name="com.google.firebase.MESSAGING_EVENT" />
207-->[:firebase_messaging] AndroidManifest.xml:24:17-78
207-->[:firebase_messaging] AndroidManifest.xml:24:25-75
208            </intent-filter>
209        </service>
210
211        <provider
211-->[com.google.firebase:firebase-common:20.4.2] AndroidManifest.xml:23:9-28:39
212            android:name="com.google.firebase.provider.FirebaseInitProvider"
212-->[com.google.firebase:firebase-common:20.4.2] AndroidManifest.xml:24:13-77
213            android:authorities="com.example.sp2_e_commerce.firebaseinitprovider"
213-->[com.google.firebase:firebase-common:20.4.2] AndroidManifest.xml:25:13-72
214            android:directBootAware="true"
214-->[com.google.firebase:firebase-common:20.4.2] AndroidManifest.xml:26:13-43
215            android:exported="false"
215-->[com.google.firebase:firebase-common:20.4.2] AndroidManifest.xml:27:13-37
216            android:initOrder="100" /> <!-- Needs to be explicitly declared on P+ -->
216-->[com.google.firebase:firebase-common:20.4.2] AndroidManifest.xml:28:13-36
217        <uses-library
217-->[com.google.android.gms:play-services-maps:18.1.0] AndroidManifest.xml:39:9-41:40
218            android:name="org.apache.http.legacy"
218-->[com.google.android.gms:play-services-maps:18.1.0] AndroidManifest.xml:40:13-50
219            android:required="false" />
219-->[com.google.android.gms:play-services-maps:18.1.0] AndroidManifest.xml:41:13-37
220
221        <activity
221-->[com.google.android.gms:play-services-base:18.1.0] AndroidManifest.xml:20:9-22:45
222            android:name="com.google.android.gms.common.api.GoogleApiActivity"
222-->[com.google.android.gms:play-services-base:18.1.0] AndroidManifest.xml:20:19-85
223            android:exported="false"
223-->[com.google.android.gms:play-services-base:18.1.0] AndroidManifest.xml:22:19-43
224            android:theme="@android:style/Theme.Translucent.NoTitleBar" />
224-->[com.google.android.gms:play-services-base:18.1.0] AndroidManifest.xml:21:19-78
225
226        <meta-data
226-->[com.google.android.gms:play-services-basement:18.1.0] AndroidManifest.xml:21:9-23:69
227            android:name="com.google.android.gms.version"
227-->[com.google.android.gms:play-services-basement:18.1.0] AndroidManifest.xml:22:13-58
228            android:value="@integer/google_play_services_version" />
228-->[com.google.android.gms:play-services-basement:18.1.0] AndroidManifest.xml:23:13-66
229
230        <uses-library
230-->[androidx.window:window:1.0.0-beta04] AndroidManifest.xml:25:9-27:40
231            android:name="androidx.window.extensions"
231-->[androidx.window:window:1.0.0-beta04] AndroidManifest.xml:26:13-54
232            android:required="false" />
232-->[androidx.window:window:1.0.0-beta04] AndroidManifest.xml:27:13-37
233        <uses-library
233-->[androidx.window:window:1.0.0-beta04] AndroidManifest.xml:28:9-30:40
234            android:name="androidx.window.sidecar"
234-->[androidx.window:window:1.0.0-beta04] AndroidManifest.xml:29:13-51
235            android:required="false" />
235-->[androidx.window:window:1.0.0-beta04] AndroidManifest.xml:30:13-37
236
237        <provider
237-->[androidx.profileinstaller:profileinstaller:1.3.0] AndroidManifest.xml:24:9-32:20
238            android:name="androidx.startup.InitializationProvider"
238-->[androidx.profileinstaller:profileinstaller:1.3.0] AndroidManifest.xml:25:13-67
239            android:authorities="com.example.sp2_e_commerce.androidx-startup"
239-->[androidx.profileinstaller:profileinstaller:1.3.0] AndroidManifest.xml:26:13-68
240            android:exported="false" >
240-->[androidx.profileinstaller:profileinstaller:1.3.0] AndroidManifest.xml:27:13-37
241            <meta-data
241-->[androidx.profileinstaller:profileinstaller:1.3.0] AndroidManifest.xml:29:13-31:52
242                android:name="androidx.profileinstaller.ProfileInstallerInitializer"
242-->[androidx.profileinstaller:profileinstaller:1.3.0] AndroidManifest.xml:30:17-85
243                android:value="androidx.startup" />
243-->[androidx.profileinstaller:profileinstaller:1.3.0] AndroidManifest.xml:31:17-49
244        </provider>
245
246        <receiver
246-->[androidx.profileinstaller:profileinstaller:1.3.0] AndroidManifest.xml:34:9-52:20
247            android:name="androidx.profileinstaller.ProfileInstallReceiver"
247-->[androidx.profileinstaller:profileinstaller:1.3.0] AndroidManifest.xml:35:13-76
248            android:directBootAware="false"
248-->[androidx.profileinstaller:profileinstaller:1.3.0] AndroidManifest.xml:36:13-44
249            android:enabled="true"
249-->[androidx.profileinstaller:profileinstaller:1.3.0] AndroidManifest.xml:37:13-35
250            android:exported="true"
250-->[androidx.profileinstaller:profileinstaller:1.3.0] AndroidManifest.xml:38:13-36
251            android:permission="android.permission.DUMP" >
251-->[androidx.profileinstaller:profileinstaller:1.3.0] AndroidManifest.xml:39:13-57
252            <intent-filter>
252-->[androidx.profileinstaller:profileinstaller:1.3.0] AndroidManifest.xml:40:13-42:29
253                <action android:name="androidx.profileinstaller.action.INSTALL_PROFILE" />
253-->[androidx.profileinstaller:profileinstaller:1.3.0] AndroidManifest.xml:41:17-91
253-->[androidx.profileinstaller:profileinstaller:1.3.0] AndroidManifest.xml:41:25-88
254            </intent-filter>
255            <intent-filter>
255-->[androidx.profileinstaller:profileinstaller:1.3.0] AndroidManifest.xml:43:13-45:29
256                <action android:name="androidx.profileinstaller.action.SKIP_FILE" />
256-->[androidx.profileinstaller:profileinstaller:1.3.0] AndroidManifest.xml:44:17-85
256-->[androidx.profileinstaller:profileinstaller:1.3.0] AndroidManifest.xml:44:25-82
257            </intent-filter>
258            <intent-filter>
258-->[androidx.profileinstaller:profileinstaller:1.3.0] AndroidManifest.xml:46:13-48:29
259                <action android:name="androidx.profileinstaller.action.SAVE_PROFILE" />
259-->[androidx.profileinstaller:profileinstaller:1.3.0] AndroidManifest.xml:47:17-88
259-->[androidx.profileinstaller:profileinstaller:1.3.0] AndroidManifest.xml:47:25-85
260            </intent-filter>
261            <intent-filter>
261-->[androidx.profileinstaller:profileinstaller:1.3.0] AndroidManifest.xml:49:13-51:29
262                <action android:name="androidx.profileinstaller.action.BENCHMARK_OPERATION" />
262-->[androidx.profileinstaller:profileinstaller:1.3.0] AndroidManifest.xml:50:17-95
262-->[androidx.profileinstaller:profileinstaller:1.3.0] AndroidManifest.xml:50:25-92
263            </intent-filter>
264        </receiver>
265
266        <service
266-->[com.google.android.datatransport:transport-backend-cct:3.1.8] AndroidManifest.xml:28:9-34:19
267            android:name="com.google.android.datatransport.runtime.backends.TransportBackendDiscovery"
267-->[com.google.android.datatransport:transport-backend-cct:3.1.8] AndroidManifest.xml:29:13-103
268            android:exported="false" >
268-->[com.google.android.datatransport:transport-backend-cct:3.1.8] AndroidManifest.xml:30:13-37
269            <meta-data
269-->[com.google.android.datatransport:transport-backend-cct:3.1.8] AndroidManifest.xml:31:13-33:39
270                android:name="backend:com.google.android.datatransport.cct.CctBackendFactory"
270-->[com.google.android.datatransport:transport-backend-cct:3.1.8] AndroidManifest.xml:32:17-94
271                android:value="cct" />
271-->[com.google.android.datatransport:transport-backend-cct:3.1.8] AndroidManifest.xml:33:17-36
272        </service>
273        <service
273-->[com.google.android.datatransport:transport-runtime:3.1.8] AndroidManifest.xml:26:9-30:19
274            android:name="com.google.android.datatransport.runtime.scheduling.jobscheduling.JobInfoSchedulerService"
274-->[com.google.android.datatransport:transport-runtime:3.1.8] AndroidManifest.xml:27:13-117
275            android:exported="false"
275-->[com.google.android.datatransport:transport-runtime:3.1.8] AndroidManifest.xml:28:13-37
276            android:permission="android.permission.BIND_JOB_SERVICE" >
276-->[com.google.android.datatransport:transport-runtime:3.1.8] AndroidManifest.xml:29:13-69
277        </service>
278
279        <receiver
279-->[com.google.android.datatransport:transport-runtime:3.1.8] AndroidManifest.xml:32:9-34:40
280            android:name="com.google.android.datatransport.runtime.scheduling.jobscheduling.AlarmManagerSchedulerBroadcastReceiver"
280-->[com.google.android.datatransport:transport-runtime:3.1.8] AndroidManifest.xml:33:13-132
281            android:exported="false" />
281-->[com.google.android.datatransport:transport-runtime:3.1.8] AndroidManifest.xml:34:13-37
282    </application>
283
284</manifest>